2025-09-01 15:05:52 | INFO     | __main__:__init__:41 - Bid Application System initialized
2025-09-01 15:05:52 | INFO     | __main__:run:76 - Starting bid application process (days_back=7, max_opportunities=10)
2025-09-01 15:05:52 | INFO     | __main__:run:80 - Step 1: Processing company documents...
2025-09-01 15:05:52 | INFO     | processors.document_processor:process_all_documents:67 - Processed document: technical_capabilities.txt
2025-09-01 15:05:52 | INFO     | processors.document_processor:process_all_documents:67 - Processed document: company_profile.txt
2025-09-01 15:05:52 | INFO     | processors.document_processor:process_all_documents:71 - Processed 2 documents
2025-09-01 15:05:52 | INFO     | ai.opportunity_matcher:set_company_profile:54 - Company profile set for opportunity matching
2025-09-01 15:05:52 | INFO     | __main__:run:91 - Processed 2 documents
2025-09-01 15:05:52 | INFO     | __main__:run:92 - Company: Profile: TechSecure Solutions
2025-09-01 15:05:52 | INFO     | __main__:run:93 - Technical keywords: 27
2025-09-01 15:05:52 | INFO     | __main__:run:96 - Step 2: Searching for opportunities...
2025-09-01 15:05:52 | INFO     | scrapers.sam_gov_scraper:search_opportunities:30 - Searching SAM.gov for keyword: information technology
2025-09-01 15:05:55 | WARNING  | scrapers.base_scraper:_make_request:68 - Request failed (attempt 1/3): 403 Client Error: Forbidden for url: https://api.sam.gov/prod/opportunities/v2/search?limit=100&offset=0&postedFrom=08%2F25%2F2025&postedTo=09%2F01%2F2025&ptype=o%2Ck%2Cr&q=information+technology&sort=-modifiedOn
2025-09-01 15:05:59 | WARNING  | scrapers.base_scraper:_make_request:68 - Request failed (attempt 2/3): 403 Client Error: Forbidden for url: https://api.sam.gov/prod/opportunities/v2/search?limit=100&offset=0&postedFrom=08%2F25%2F2025&postedTo=09%2F01%2F2025&ptype=o%2Ck%2Cr&q=information+technology&sort=-modifiedOn
2025-09-01 15:06:03 | WARNING  | scrapers.base_scraper:_make_request:68 - Request failed (attempt 3/3): 403 Client Error: Forbidden for url: https://api.sam.gov/prod/opportunities/v2/search?limit=100&offset=0&postedFrom=08%2F25%2F2025&postedTo=09%2F01%2F2025&ptype=o%2Ck%2Cr&q=information+technology&sort=-modifiedOn
2025-09-01 15:06:03 | ERROR    | scrapers.base_scraper:_make_request:70 - Failed to fetch https://api.sam.gov/prod/opportunities/v2/search after 3 attempts
2025-09-01 15:06:03 | INFO     | scrapers.sam_gov_scraper:search_opportunities:30 - Searching SAM.gov for keyword: IT services
2025-09-01 15:06:05 | WARNING  | scrapers.base_scraper:_make_request:68 - Request failed (attempt 1/3): 403 Client Error: Forbidden for url: https://api.sam.gov/prod/opportunities/v2/search?limit=100&offset=0&postedFrom=08%2F25%2F2025&postedTo=09%2F01%2F2025&ptype=o%2Ck%2Cr&q=IT+services&sort=-modifiedOn
2025-09-01 15:06:08 | WARNING  | scrapers.base_scraper:_make_request:68 - Request failed (attempt 2/3): 403 Client Error: Forbidden for url: https://api.sam.gov/prod/opportunities/v2/search?limit=100&offset=0&postedFrom=08%2F25%2F2025&postedTo=09%2F01%2F2025&ptype=o%2Ck%2Cr&q=IT+services&sort=-modifiedOn
2025-09-01 15:06:12 | WARNING  | scrapers.base_scraper:_make_request:68 - Request failed (attempt 3/3): 403 Client Error: Forbidden for url: https://api.sam.gov/prod/opportunities/v2/search?limit=100&offset=0&postedFrom=08%2F25%2F2025&postedTo=09%2F01%2F2025&ptype=o%2Ck%2Cr&q=IT+services&sort=-modifiedOn
2025-09-01 15:06:12 | ERROR    | scrapers.base_scraper:_make_request:70 - Failed to fetch https://api.sam.gov/prod/opportunities/v2/search after 3 attempts
2025-09-01 15:06:12 | INFO     | scrapers.sam_gov_scraper:search_opportunities:30 - Searching SAM.gov for keyword: software development
2025-09-01 15:06:14 | WARNING  | scrapers.base_scraper:_make_request:68 - Request failed (attempt 1/3): 403 Client Error: Forbidden for url: https://api.sam.gov/prod/opportunities/v2/search?limit=100&offset=0&postedFrom=08%2F25%2F2025&postedTo=09%2F01%2F2025&ptype=o%2Ck%2Cr&q=software+development&sort=-modifiedOn
2025-09-01 15:06:17 | WARNING  | scrapers.base_scraper:_make_request:68 - Request failed (attempt 2/3): 403 Client Error: Forbidden for url: https://api.sam.gov/prod/opportunities/v2/search?limit=100&offset=0&postedFrom=08%2F25%2F2025&postedTo=09%2F01%2F2025&ptype=o%2Ck%2Cr&q=software+development&sort=-modifiedOn
2025-09-01 15:06:21 | WARNING  | scrapers.base_scraper:_make_request:68 - Request failed (attempt 3/3): 403 Client Error: Forbidden for url: https://api.sam.gov/prod/opportunities/v2/search?limit=100&offset=0&postedFrom=08%2F25%2F2025&postedTo=09%2F01%2F2025&ptype=o%2Ck%2Cr&q=software+development&sort=-modifiedOn
2025-09-01 15:06:21 | ERROR    | scrapers.base_scraper:_make_request:70 - Failed to fetch https://api.sam.gov/prod/opportunities/v2/search after 3 attempts
2025-09-01 15:06:21 | INFO     | scrapers.sam_gov_scraper:search_opportunities:30 - Searching SAM.gov for keyword: system administration
2025-09-01 15:06:24 | WARNING  | scrapers.base_scraper:_make_request:68 - Request failed (attempt 1/3): 403 Client Error: Forbidden for url: https://api.sam.gov/prod/opportunities/v2/search?limit=100&offset=0&postedFrom=08%2F25%2F2025&postedTo=09%2F01%2F2025&ptype=o%2Ck%2Cr&q=system+administration&sort=-modifiedOn
2025-09-01 15:06:29 | WARNING  | scrapers.base_scraper:_make_request:68 - Request failed (attempt 2/3): 403 Client Error: Forbidden for url: https://api.sam.gov/prod/opportunities/v2/search?limit=100&offset=0&postedFrom=08%2F25%2F2025&postedTo=09%2F01%2F2025&ptype=o%2Ck%2Cr&q=system+administration&sort=-modifiedOn
2025-09-01 15:06:33 | WARNING  | scrapers.base_scraper:_make_request:68 - Request failed (attempt 3/3): 403 Client Error: Forbidden for url: https://api.sam.gov/prod/opportunities/v2/search?limit=100&offset=0&postedFrom=08%2F25%2F2025&postedTo=09%2F01%2F2025&ptype=o%2Ck%2Cr&q=system+administration&sort=-modifiedOn
2025-09-01 15:06:33 | ERROR    | scrapers.base_scraper:_make_request:70 - Failed to fetch https://api.sam.gov/prod/opportunities/v2/search after 3 attempts
2025-09-01 15:06:33 | INFO     | scrapers.sam_gov_scraper:search_opportunities:30 - Searching SAM.gov for keyword: network administration
2025-09-01 15:06:35 | WARNING  | scrapers.base_scraper:_make_request:68 - Request failed (attempt 1/3): 403 Client Error: Forbidden for url: https://api.sam.gov/prod/opportunities/v2/search?limit=100&offset=0&postedFrom=08%2F25%2F2025&postedTo=09%2F01%2F2025&ptype=o%2Ck%2Cr&q=network+administration&sort=-modifiedOn
2025-09-01 15:06:37 | WARNING  | scrapers.base_scraper:_make_request:68 - Request failed (attempt 2/3): 403 Client Error: Forbidden for url: https://api.sam.gov/prod/opportunities/v2/search?limit=100&offset=0&postedFrom=08%2F25%2F2025&postedTo=09%2F01%2F2025&ptype=o%2Ck%2Cr&q=network+administration&sort=-modifiedOn
2025-09-01 15:06:42 | WARNING  | scrapers.base_scraper:_make_request:68 - Request failed (attempt 3/3): 403 Client Error: Forbidden for url: https://api.sam.gov/prod/opportunities/v2/search?limit=100&offset=0&postedFrom=08%2F25%2F2025&postedTo=09%2F01%2F2025&ptype=o%2Ck%2Cr&q=network+administration&sort=-modifiedOn
2025-09-01 15:06:42 | ERROR    | scrapers.base_scraper:_make_request:70 - Failed to fetch https://api.sam.gov/prod/opportunities/v2/search after 3 attempts
2025-09-01 15:06:42 | INFO     | scrapers.sam_gov_scraper:search_opportunities:30 - Searching SAM.gov for keyword: database management
2025-09-01 15:06:45 | WARNING  | scrapers.base_scraper:_make_request:68 - Request failed (attempt 1/3): 403 Client Error: Forbidden for url: https://api.sam.gov/prod/opportunities/v2/search?limit=100&offset=0&postedFrom=08%2F25%2F2025&postedTo=09%2F01%2F2025&ptype=o%2Ck%2Cr&q=database+management&sort=-modifiedOn
2025-09-01 15:06:48 | WARNING  | scrapers.base_scraper:_make_request:68 - Request failed (attempt 2/3): 403 Client Error: Forbidden for url: https://api.sam.gov/prod/opportunities/v2/search?limit=100&offset=0&postedFrom=08%2F25%2F2025&postedTo=09%2F01%2F2025&ptype=o%2Ck%2Cr&q=database+management&sort=-modifiedOn
2025-09-01 15:06:52 | WARNING  | scrapers.base_scraper:_make_request:68 - Request failed (attempt 3/3): 403 Client Error: Forbidden for url: https://api.sam.gov/prod/opportunities/v2/search?limit=100&offset=0&postedFrom=08%2F25%2F2025&postedTo=09%2F01%2F2025&ptype=o%2Ck%2Cr&q=database+management&sort=-modifiedOn
2025-09-01 15:06:52 | ERROR    | scrapers.base_scraper:_make_request:70 - Failed to fetch https://api.sam.gov/prod/opportunities/v2/search after 3 attempts
2025-09-01 15:06:52 | INFO     | scrapers.sam_gov_scraper:search_opportunities:30 - Searching SAM.gov for keyword: cloud services
2025-09-01 15:06:55 | WARNING  | scrapers.base_scraper:_make_request:68 - Request failed (attempt 1/3): 403 Client Error: Forbidden for url: https://api.sam.gov/prod/opportunities/v2/search?limit=100&offset=0&postedFrom=08%2F25%2F2025&postedTo=09%2F01%2F2025&ptype=o%2Ck%2Cr&q=cloud+services&sort=-modifiedOn
2025-09-01 15:06:57 | WARNING  | scrapers.base_scraper:_make_request:68 - Request failed (attempt 2/3): 403 Client Error: Forbidden for url: https://api.sam.gov/prod/opportunities/v2/search?limit=100&offset=0&postedFrom=08%2F25%2F2025&postedTo=09%2F01%2F2025&ptype=o%2Ck%2Cr&q=cloud+services&sort=-modifiedOn
2025-09-01 15:07:01 | WARNING  | scrapers.base_scraper:_make_request:68 - Request failed (attempt 3/3): 403 Client Error: Forbidden for url: https://api.sam.gov/prod/opportunities/v2/search?limit=100&offset=0&postedFrom=08%2F25%2F2025&postedTo=09%2F01%2F2025&ptype=o%2Ck%2Cr&q=cloud+services&sort=-modifiedOn
2025-09-01 15:07:01 | ERROR    | scrapers.base_scraper:_make_request:70 - Failed to fetch https://api.sam.gov/prod/opportunities/v2/search after 3 attempts
2025-09-01 15:07:01 | INFO     | scrapers.sam_gov_scraper:search_opportunities:30 - Searching SAM.gov for keyword: digital transformation
2025-09-01 15:07:03 | WARNING  | scrapers.base_scraper:_make_request:68 - Request failed (attempt 1/3): 403 Client Error: Forbidden for url: https://api.sam.gov/prod/opportunities/v2/search?limit=100&offset=0&postedFrom=08%2F25%2F2025&postedTo=09%2F01%2F2025&ptype=o%2Ck%2Cr&q=digital+transformation&sort=-modifiedOn
2025-09-01 15:07:07 | WARNING  | scrapers.base_scraper:_make_request:68 - Request failed (attempt 2/3): 403 Client Error: Forbidden for url: https://api.sam.gov/prod/opportunities/v2/search?limit=100&offset=0&postedFrom=08%2F25%2F2025&postedTo=09%2F01%2F2025&ptype=o%2Ck%2Cr&q=digital+transformation&sort=-modifiedOn
2025-09-01 15:07:11 | WARNING  | scrapers.base_scraper:_make_request:68 - Request failed (attempt 3/3): 403 Client Error: Forbidden for url: https://api.sam.gov/prod/opportunities/v2/search?limit=100&offset=0&postedFrom=08%2F25%2F2025&postedTo=09%2F01%2F2025&ptype=o%2Ck%2Cr&q=digital+transformation&sort=-modifiedOn
2025-09-01 15:07:11 | ERROR    | scrapers.base_scraper:_make_request:70 - Failed to fetch https://api.sam.gov/prod/opportunities/v2/search after 3 attempts
2025-09-01 15:07:11 | INFO     | scrapers.sam_gov_scraper:search_opportunities:30 - Searching SAM.gov for keyword: IT consulting
2025-09-01 15:07:12 | WARNING  | scrapers.base_scraper:_make_request:68 - Request failed (attempt 1/3): 403 Client Error: Forbidden for url: https://api.sam.gov/prod/opportunities/v2/search?limit=100&offset=0&postedFrom=08%2F25%2F2025&postedTo=09%2F01%2F2025&ptype=o%2Ck%2Cr&q=IT+consulting&sort=-modifiedOn
2025-09-01 15:07:16 | WARNING  | scrapers.base_scraper:_make_request:68 - Request failed (attempt 2/3): 403 Client Error: Forbidden for url: https://api.sam.gov/prod/opportunities/v2/search?limit=100&offset=0&postedFrom=08%2F25%2F2025&postedTo=09%2F01%2F2025&ptype=o%2Ck%2Cr&q=IT+consulting&sort=-modifiedOn
2025-09-01 15:07:20 | WARNING  | scrapers.base_scraper:_make_request:68 - Request failed (attempt 3/3): 403 Client Error: Forbidden for url: https://api.sam.gov/prod/opportunities/v2/search?limit=100&offset=0&postedFrom=08%2F25%2F2025&postedTo=09%2F01%2F2025&ptype=o%2Ck%2Cr&q=IT+consulting&sort=-modifiedOn
2025-09-01 15:07:20 | ERROR    | scrapers.base_scraper:_make_request:70 - Failed to fetch https://api.sam.gov/prod/opportunities/v2/search after 3 attempts
2025-09-01 15:07:20 | INFO     | scrapers.sam_gov_scraper:search_opportunities:30 - Searching SAM.gov for keyword: cybersecurity
2025-09-01 15:07:22 | WARNING  | scrapers.base_scraper:_make_request:68 - Request failed (attempt 1/3): 403 Client Error: Forbidden for url: https://api.sam.gov/prod/opportunities/v2/search?limit=100&offset=0&postedFrom=08%2F25%2F2025&postedTo=09%2F01%2F2025&ptype=o%2Ck%2Cr&q=cybersecurity&sort=-modifiedOn
2025-09-01 15:07:26 | WARNING  | scrapers.base_scraper:_make_request:68 - Request failed (attempt 2/3): 403 Client Error: Forbidden for url: https://api.sam.gov/prod/opportunities/v2/search?limit=100&offset=0&postedFrom=08%2F25%2F2025&postedTo=09%2F01%2F2025&ptype=o%2Ck%2Cr&q=cybersecurity&sort=-modifiedOn
2025-09-01 15:07:30 | WARNING  | scrapers.base_scraper:_make_request:68 - Request failed (attempt 3/3): 403 Client Error: Forbidden for url: https://api.sam.gov/prod/opportunities/v2/search?limit=100&offset=0&postedFrom=08%2F25%2F2025&postedTo=09%2F01%2F2025&ptype=o%2Ck%2Cr&q=cybersecurity&sort=-modifiedOn
2025-09-01 15:07:30 | ERROR    | scrapers.base_scraper:_make_request:70 - Failed to fetch https://api.sam.gov/prod/opportunities/v2/search after 3 attempts
2025-09-01 15:07:30 | INFO     | scrapers.sam_gov_scraper:search_opportunities:30 - Searching SAM.gov for keyword: information security
2025-09-01 15:07:32 | WARNING  | scrapers.base_scraper:_make_request:68 - Request failed (attempt 1/3): 403 Client Error: Forbidden for url: https://api.sam.gov/prod/opportunities/v2/search?limit=100&offset=0&postedFrom=08%2F25%2F2025&postedTo=09%2F01%2F2025&ptype=o%2Ck%2Cr&q=information+security&sort=-modifiedOn
2025-09-01 15:07:35 | WARNING  | scrapers.base_scraper:_make_request:68 - Request failed (attempt 2/3): 403 Client Error: Forbidden for url: https://api.sam.gov/prod/opportunities/v2/search?limit=100&offset=0&postedFrom=08%2F25%2F2025&postedTo=09%2F01%2F2025&ptype=o%2Ck%2Cr&q=information+security&sort=-modifiedOn
2025-09-01 15:07:39 | WARNING  | scrapers.base_scraper:_make_request:68 - Request failed (attempt 3/3): 403 Client Error: Forbidden for url: https://api.sam.gov/prod/opportunities/v2/search?limit=100&offset=0&postedFrom=08%2F25%2F2025&postedTo=09%2F01%2F2025&ptype=o%2Ck%2Cr&q=information+security&sort=-modifiedOn
2025-09-01 15:07:39 | ERROR    | scrapers.base_scraper:_make_request:70 - Failed to fetch https://api.sam.gov/prod/opportunities/v2/search after 3 attempts
2025-09-01 15:07:39 | INFO     | scrapers.sam_gov_scraper:search_opportunities:30 - Searching SAM.gov for keyword: cyber security
2025-09-01 15:07:41 | WARNING  | scrapers.base_scraper:_make_request:68 - Request failed (attempt 1/3): 403 Client Error: Forbidden for url: https://api.sam.gov/prod/opportunities/v2/search?limit=100&offset=0&postedFrom=08%2F25%2F2025&postedTo=09%2F01%2F2025&ptype=o%2Ck%2Cr&q=cyber+security&sort=-modifiedOn
2025-09-01 15:07:44 | WARNING  | scrapers.base_scraper:_make_request:68 - Request failed (attempt 2/3): 403 Client Error: Forbidden for url: https://api.sam.gov/prod/opportunities/v2/search?limit=100&offset=0&postedFrom=08%2F25%2F2025&postedTo=09%2F01%2F2025&ptype=o%2Ck%2Cr&q=cyber+security&sort=-modifiedOn
2025-09-01 15:07:48 | WARNING  | scrapers.base_scraper:_make_request:68 - Request failed (attempt 3/3): 403 Client Error: Forbidden for url: https://api.sam.gov/prod/opportunities/v2/search?limit=100&offset=0&postedFrom=08%2F25%2F2025&postedTo=09%2F01%2F2025&ptype=o%2Ck%2Cr&q=cyber+security&sort=-modifiedOn
2025-09-01 15:07:48 | ERROR    | scrapers.base_scraper:_make_request:70 - Failed to fetch https://api.sam.gov/prod/opportunities/v2/search after 3 attempts
2025-09-01 15:07:48 | INFO     | scrapers.sam_gov_scraper:search_opportunities:30 - Searching SAM.gov for keyword: security assessment
2025-09-01 15:07:51 | WARNING  | scrapers.base_scraper:_make_request:68 - Request failed (attempt 1/3): 403 Client Error: Forbidden for url: https://api.sam.gov/prod/opportunities/v2/search?limit=100&offset=0&postedFrom=08%2F25%2F2025&postedTo=09%2F01%2F2025&ptype=o%2Ck%2Cr&q=security+assessment&sort=-modifiedOn
2025-09-01 15:07:54 | WARNING  | scrapers.base_scraper:_make_request:68 - Request failed (attempt 2/3): 403 Client Error: Forbidden for url: https://api.sam.gov/prod/opportunities/v2/search?limit=100&offset=0&postedFrom=08%2F25%2F2025&postedTo=09%2F01%2F2025&ptype=o%2Ck%2Cr&q=security+assessment&sort=-modifiedOn
2025-09-01 15:07:57 | WARNING  | scrapers.base_scraper:_make_request:68 - Request failed (attempt 3/3): 403 Client Error: Forbidden for url: https://api.sam.gov/prod/opportunities/v2/search?limit=100&offset=0&postedFrom=08%2F25%2F2025&postedTo=09%2F01%2F2025&ptype=o%2Ck%2Cr&q=security+assessment&sort=-modifiedOn
2025-09-01 15:07:57 | ERROR    | scrapers.base_scraper:_make_request:70 - Failed to fetch https://api.sam.gov/prod/opportunities/v2/search after 3 attempts
2025-09-01 15:07:57 | INFO     | scrapers.sam_gov_scraper:search_opportunities:30 - Searching SAM.gov for keyword: penetration testing
2025-09-01 15:08:00 | WARNING  | scrapers.base_scraper:_make_request:68 - Request failed (attempt 1/3): 403 Client Error: Forbidden for url: https://api.sam.gov/prod/opportunities/v2/search?limit=100&offset=0&postedFrom=08%2F25%2F2025&postedTo=09%2F01%2F2025&ptype=o%2Ck%2Cr&q=penetration+testing&sort=-modifiedOn
2025-09-01 15:08:04 | WARNING  | scrapers.base_scraper:_make_request:68 - Request failed (attempt 2/3): 403 Client Error: Forbidden for url: https://api.sam.gov/prod/opportunities/v2/search?limit=100&offset=0&postedFrom=08%2F25%2F2025&postedTo=09%2F01%2F2025&ptype=o%2Ck%2Cr&q=penetration+testing&sort=-modifiedOn
2025-09-01 15:08:07 | WARNING  | scrapers.base_scraper:_make_request:68 - Request failed (attempt 3/3): 403 Client Error: Forbidden for url: https://api.sam.gov/prod/opportunities/v2/search?limit=100&offset=0&postedFrom=08%2F25%2F2025&postedTo=09%2F01%2F2025&ptype=o%2Ck%2Cr&q=penetration+testing&sort=-modifiedOn
2025-09-01 15:08:07 | ERROR    | scrapers.base_scraper:_make_request:70 - Failed to fetch https://api.sam.gov/prod/opportunities/v2/search after 3 attempts
2025-09-01 15:08:07 | INFO     | scrapers.sam_gov_scraper:search_opportunities:30 - Searching SAM.gov for keyword: vulnerability assessment
2025-09-01 15:08:10 | WARNING  | scrapers.base_scraper:_make_request:68 - Request failed (attempt 1/3): 403 Client Error: Forbidden for url: https://api.sam.gov/prod/opportunities/v2/search?limit=100&offset=0&postedFrom=08%2F25%2F2025&postedTo=09%2F01%2F2025&ptype=o%2Ck%2Cr&q=vulnerability+assessment&sort=-modifiedOn
2025-09-01 15:08:14 | WARNING  | scrapers.base_scraper:_make_request:68 - Request failed (attempt 2/3): 403 Client Error: Forbidden for url: https://api.sam.gov/prod/opportunities/v2/search?limit=100&offset=0&postedFrom=08%2F25%2F2025&postedTo=09%2F01%2F2025&ptype=o%2Ck%2Cr&q=vulnerability+assessment&sort=-modifiedOn
2025-09-01 15:08:19 | WARNING  | scrapers.base_scraper:_make_request:68 - Request failed (attempt 3/3): 403 Client Error: Forbidden for url: https://api.sam.gov/prod/opportunities/v2/search?limit=100&offset=0&postedFrom=08%2F25%2F2025&postedTo=09%2F01%2F2025&ptype=o%2Ck%2Cr&q=vulnerability+assessment&sort=-modifiedOn
2025-09-01 15:08:19 | ERROR    | scrapers.base_scraper:_make_request:70 - Failed to fetch https://api.sam.gov/prod/opportunities/v2/search after 3 attempts
2025-09-01 15:08:19 | INFO     | scrapers.sam_gov_scraper:search_opportunities:30 - Searching SAM.gov for keyword: security monitoring
2025-09-01 15:08:21 | WARNING  | scrapers.base_scraper:_make_request:68 - Request failed (attempt 1/3): 403 Client Error: Forbidden for url: https://api.sam.gov/prod/opportunities/v2/search?limit=100&offset=0&postedFrom=08%2F25%2F2025&postedTo=09%2F01%2F2025&ptype=o%2Ck%2Cr&q=security+monitoring&sort=-modifiedOn
2025-09-01 15:08:24 | WARNING  | scrapers.base_scraper:_make_request:68 - Request failed (attempt 2/3): 403 Client Error: Forbidden for url: https://api.sam.gov/prod/opportunities/v2/search?limit=100&offset=0&postedFrom=08%2F25%2F2025&postedTo=09%2F01%2F2025&ptype=o%2Ck%2Cr&q=security+monitoring&sort=-modifiedOn
2025-09-01 15:08:29 | WARNING  | scrapers.base_scraper:_make_request:68 - Request failed (attempt 3/3): 403 Client Error: Forbidden for url: https://api.sam.gov/prod/opportunities/v2/search?limit=100&offset=0&postedFrom=08%2F25%2F2025&postedTo=09%2F01%2F2025&ptype=o%2Ck%2Cr&q=security+monitoring&sort=-modifiedOn
2025-09-01 15:08:29 | ERROR    | scrapers.base_scraper:_make_request:70 - Failed to fetch https://api.sam.gov/prod/opportunities/v2/search after 3 attempts
2025-09-01 15:08:29 | INFO     | scrapers.sam_gov_scraper:search_opportunities:30 - Searching SAM.gov for keyword: incident response
2025-09-01 15:08:31 | WARNING  | scrapers.base_scraper:_make_request:68 - Request failed (attempt 1/3): 403 Client Error: Forbidden for url: https://api.sam.gov/prod/opportunities/v2/search?limit=100&offset=0&postedFrom=08%2F25%2F2025&postedTo=09%2F01%2F2025&ptype=o%2Ck%2Cr&q=incident+response&sort=-modifiedOn
2025-09-01 15:08:34 | WARNING  | scrapers.base_scraper:_make_request:68 - Request failed (attempt 2/3): 403 Client Error: Forbidden for url: https://api.sam.gov/prod/opportunities/v2/search?limit=100&offset=0&postedFrom=08%2F25%2F2025&postedTo=09%2F01%2F2025&ptype=o%2Ck%2Cr&q=incident+response&sort=-modifiedOn
2025-09-01 15:08:39 | WARNING  | scrapers.base_scraper:_make_request:68 - Request failed (attempt 3/3): 403 Client Error: Forbidden for url: https://api.sam.gov/prod/opportunities/v2/search?limit=100&offset=0&postedFrom=08%2F25%2F2025&postedTo=09%2F01%2F2025&ptype=o%2Ck%2Cr&q=incident+response&sort=-modifiedOn
2025-09-01 15:08:39 | ERROR    | scrapers.base_scraper:_make_request:70 - Failed to fetch https://api.sam.gov/prod/opportunities/v2/search after 3 attempts
2025-09-01 15:08:39 | INFO     | scrapers.sam_gov_scraper:search_opportunities:30 - Searching SAM.gov for keyword: security consulting
2025-09-01 15:08:41 | WARNING  | scrapers.base_scraper:_make_request:68 - Request failed (attempt 1/3): 403 Client Error: Forbidden for url: https://api.sam.gov/prod/opportunities/v2/search?limit=100&offset=0&postedFrom=08%2F25%2F2025&postedTo=09%2F01%2F2025&ptype=o%2Ck%2Cr&q=security+consulting&sort=-modifiedOn
2025-09-01 15:08:45 | WARNING  | scrapers.base_scraper:_make_request:68 - Request failed (attempt 2/3): 403 Client Error: Forbidden for url: https://api.sam.gov/prod/opportunities/v2/search?limit=100&offset=0&postedFrom=08%2F25%2F2025&postedTo=09%2F01%2F2025&ptype=o%2Ck%2Cr&q=security+consulting&sort=-modifiedOn
2025-09-01 15:08:49 | WARNING  | scrapers.base_scraper:_make_request:68 - Request failed (attempt 3/3): 403 Client Error: Forbidden for url: https://api.sam.gov/prod/opportunities/v2/search?limit=100&offset=0&postedFrom=08%2F25%2F2025&postedTo=09%2F01%2F2025&ptype=o%2Ck%2Cr&q=security+consulting&sort=-modifiedOn
2025-09-01 15:08:49 | ERROR    | scrapers.base_scraper:_make_request:70 - Failed to fetch https://api.sam.gov/prod/opportunities/v2/search after 3 attempts
2025-09-01 15:08:49 | INFO     | scrapers.sam_gov_scraper:search_opportunities:30 - Searching SAM.gov for keyword: compliance
2025-09-01 15:08:51 | WARNING  | scrapers.base_scraper:_make_request:68 - Request failed (attempt 1/3): 403 Client Error: Forbidden for url: https://api.sam.gov/prod/opportunities/v2/search?limit=100&offset=0&postedFrom=08%2F25%2F2025&postedTo=09%2F01%2F2025&ptype=o%2Ck%2Cr&q=compliance&sort=-modifiedOn
2025-09-01 15:08:55 | WARNING  | scrapers.base_scraper:_make_request:68 - Request failed (attempt 2/3): 403 Client Error: Forbidden for url: https://api.sam.gov/prod/opportunities/v2/search?limit=100&offset=0&postedFrom=08%2F25%2F2025&postedTo=09%2F01%2F2025&ptype=o%2Ck%2Cr&q=compliance&sort=-modifiedOn
2025-09-01 15:09:00 | WARNING  | scrapers.base_scraper:_make_request:68 - Request failed (attempt 3/3): 403 Client Error: Forbidden for url: https://api.sam.gov/prod/opportunities/v2/search?limit=100&offset=0&postedFrom=08%2F25%2F2025&postedTo=09%2F01%2F2025&ptype=o%2Ck%2Cr&q=compliance&sort=-modifiedOn
2025-09-01 15:09:00 | ERROR    | scrapers.base_scraper:_make_request:70 - Failed to fetch https://api.sam.gov/prod/opportunities/v2/search after 3 attempts
2025-09-01 15:09:00 | INFO     | scrapers.sam_gov_scraper:search_opportunities:30 - Searching SAM.gov for keyword: risk assessment
2025-09-01 15:09:02 | WARNING  | scrapers.base_scraper:_make_request:68 - Request failed (attempt 1/3): 403 Client Error: Forbidden for url: https://api.sam.gov/prod/opportunities/v2/search?limit=100&offset=0&postedFrom=08%2F25%2F2025&postedTo=09%2F01%2F2025&ptype=o%2Ck%2Cr&q=risk+assessment&sort=-modifiedOn
2025-09-01 15:09:04 | WARNING  | scrapers.base_scraper:_make_request:68 - Request failed (attempt 2/3): 403 Client Error: Forbidden for url: https://api.sam.gov/prod/opportunities/v2/search?limit=100&offset=0&postedFrom=08%2F25%2F2025&postedTo=09%2F01%2F2025&ptype=o%2Ck%2Cr&q=risk+assessment&sort=-modifiedOn
2025-09-01 15:09:09 | WARNING  | scrapers.base_scraper:_make_request:68 - Request failed (attempt 3/3): 403 Client Error: Forbidden for url: https://api.sam.gov/prod/opportunities/v2/search?limit=100&offset=0&postedFrom=08%2F25%2F2025&postedTo=09%2F01%2F2025&ptype=o%2Ck%2Cr&q=risk+assessment&sort=-modifiedOn
2025-09-01 15:09:09 | ERROR    | scrapers.base_scraper:_make_request:70 - Failed to fetch https://api.sam.gov/prod/opportunities/v2/search after 3 attempts
2025-09-01 15:09:09 | INFO     | scrapers.sam_gov_scraper:search_opportunities:30 - Searching SAM.gov for keyword: security operations center
2025-09-01 15:09:11 | WARNING  | scrapers.base_scraper:_make_request:68 - Request failed (attempt 1/3): 403 Client Error: Forbidden for url: https://api.sam.gov/prod/opportunities/v2/search?limit=100&offset=0&postedFrom=08%2F25%2F2025&postedTo=09%2F01%2F2025&ptype=o%2Ck%2Cr&q=security+operations+center&sort=-modifiedOn
2025-09-01 15:09:15 | WARNING  | scrapers.base_scraper:_make_request:68 - Request failed (attempt 2/3): 403 Client Error: Forbidden for url: https://api.sam.gov/prod/opportunities/v2/search?limit=100&offset=0&postedFrom=08%2F25%2F2025&postedTo=09%2F01%2F2025&ptype=o%2Ck%2Cr&q=security+operations+center&sort=-modifiedOn
2025-09-01 15:09:19 | WARNING  | scrapers.base_scraper:_make_request:68 - Request failed (attempt 3/3): 403 Client Error: Forbidden for url: https://api.sam.gov/prod/opportunities/v2/search?limit=100&offset=0&postedFrom=08%2F25%2F2025&postedTo=09%2F01%2F2025&ptype=o%2Ck%2Cr&q=security+operations+center&sort=-modifiedOn
2025-09-01 15:09:19 | ERROR    | scrapers.base_scraper:_make_request:70 - Failed to fetch https://api.sam.gov/prod/opportunities/v2/search after 3 attempts
2025-09-01 15:09:19 | INFO     | scrapers.sam_gov_scraper:search_opportunities:57 - Found 0 unique opportunities from SAM.gov
2025-09-01 15:09:19 | INFO     | __main__:run:106 - SAM.gov: Found 0 opportunities
2025-09-01 15:09:19 | INFO     | scrapers.fbo_scraper:search_opportunities:25 - Searching FBO.gov for keyword: information technology
2025-09-01 15:09:23 | WARNING  | scrapers.base_scraper:_make_request:68 - Request failed (attempt 1/3): HTTPSConnectionPool(host='fbohome.sam.gov', port=443): Max retries exceeded with url: /?s=opportunity&mode=list&tab=list&q=information+technology&postedFrom=08%2F25%2F2025&postedTo=09%2F01%2F2025 (Caused by NameResolutionError("<urllib3.connection.HTTPSConnection object at 0x1330c9310>: Failed to resolve 'fbohome.sam.gov' ([Errno 8] nodename nor servname provided, or not known)"))
2025-09-01 15:09:27 | WARNING  | scrapers.base_scraper:_make_request:68 - Request failed (attempt 2/3): HTTPSConnectionPool(host='fbohome.sam.gov', port=443): Max retries exceeded with url: /?s=opportunity&mode=list&tab=list&q=information+technology&postedFrom=08%2F25%2F2025&postedTo=09%2F01%2F2025 (Caused by NameResolutionError("<urllib3.connection.HTTPSConnection object at 0x1330c9090>: Failed to resolve 'fbohome.sam.gov' ([Errno 8] nodename nor servname provided, or not known)"))
2025-09-01 15:09:32 | WARNING  | scrapers.base_scraper:_make_request:68 - Request failed (attempt 3/3): ('Connection aborted.', RemoteDisconnected('Remote end closed connection without response'))
2025-09-01 15:09:32 | ERROR    | scrapers.base_scraper:_make_request:70 - Failed to fetch https://www.fbo.gov/index.php after 3 attempts
2025-09-01 15:09:32 | INFO     | scrapers.fbo_scraper:search_opportunities:25 - Searching FBO.gov for keyword: IT services
2025-09-01 15:09:35 | WARNING  | scrapers.base_scraper:_make_request:68 - Request failed (attempt 1/3): HTTPSConnectionPool(host='fbohome.sam.gov', port=443): Max retries exceeded with url: /?s=opportunity&mode=list&tab=list&q=IT+services&postedFrom=08%2F25%2F2025&postedTo=09%2F01%2F2025 (Caused by NameResolutionError("<urllib3.connection.HTTPSConnection object at 0x1330ca0d0>: Failed to resolve 'fbohome.sam.gov' ([Errno 8] nodename nor servname provided, or not known)"))
2025-09-01 15:09:39 | WARNING  | scrapers.base_scraper:_make_request:68 - Request failed (attempt 2/3): HTTPSConnectionPool(host='fbohome.sam.gov', port=443): Max retries exceeded with url: /?s=opportunity&mode=list&tab=list&q=IT+services&postedFrom=08%2F25%2F2025&postedTo=09%2F01%2F2025 (Caused by NameResolutionError("<urllib3.connection.HTTPSConnection object at 0x1330ca5d0>: Failed to resolve 'fbohome.sam.gov' ([Errno 8] nodename nor servname provided, or not known)"))
2025-09-01 15:09:43 | WARNING  | scrapers.base_scraper:_make_request:68 - Request failed (attempt 3/3): HTTPSConnectionPool(host='fbohome.sam.gov', port=443): Max retries exceeded with url: /?s=opportunity&mode=list&tab=list&q=IT+services&postedFrom=08%2F25%2F2025&postedTo=09%2F01%2F2025 (Caused by NameResolutionError("<urllib3.connection.HTTPSConnection object at 0x1330caad0>: Failed to resolve 'fbohome.sam.gov' ([Errno 8] nodename nor servname provided, or not known)"))
2025-09-01 15:09:43 | ERROR    | scrapers.base_scraper:_make_request:70 - Failed to fetch https://www.fbo.gov/index.php after 3 attempts
2025-09-01 15:09:43 | INFO     | scrapers.fbo_scraper:search_opportunities:25 - Searching FBO.gov for keyword: software development
2025-09-01 15:09:46 | WARNING  | scrapers.base_scraper:_make_request:68 - Request failed (attempt 1/3): HTTPSConnectionPool(host='fbohome.sam.gov', port=443): Max retries exceeded with url: /?s=opportunity&mode=list&tab=list&q=software+development&postedFrom=08%2F25%2F2025&postedTo=09%2F01%2F2025 (Caused by NameResolutionError("<urllib3.connection.HTTPSConnection object at 0x1330ca850>: Failed to resolve 'fbohome.sam.gov' ([Errno 8] nodename nor servname provided, or not known)"))
2025-09-01 15:09:49 | WARNING  | scrapers.base_scraper:_make_request:68 - Request failed (attempt 2/3): HTTPSConnectionPool(host='fbohome.sam.gov', port=443): Max retries exceeded with url: /?s=opportunity&mode=list&tab=list&q=software+development&postedFrom=08%2F25%2F2025&postedTo=09%2F01%2F2025 (Caused by NameResolutionError("<urllib3.connection.HTTPSConnection object at 0x1330ca350>: Failed to resolve 'fbohome.sam.gov' ([Errno 8] nodename nor servname provided, or not known)"))
2025-09-01 15:09:54 | WARNING  | scrapers.base_scraper:_make_request:68 - Request failed (attempt 3/3): ('Connection aborted.', RemoteDisconnected('Remote end closed connection without response'))
2025-09-01 15:09:54 | ERROR    | scrapers.base_scraper:_make_request:70 - Failed to fetch https://www.fbo.gov/index.php after 3 attempts
2025-09-01 15:09:54 | INFO     | scrapers.fbo_scraper:search_opportunities:25 - Searching FBO.gov for keyword: system administration
2025-09-01 15:09:57 | WARNING  | scrapers.base_scraper:_make_request:68 - Request failed (attempt 1/3): HTTPSConnectionPool(host='fbohome.sam.gov', port=443): Max retries exceeded with url: /?s=opportunity&mode=list&tab=list&q=system+administration&postedFrom=08%2F25%2F2025&postedTo=09%2F01%2F2025 (Caused by NameResolutionError("<urllib3.connection.HTTPSConnection object at 0x1330c9bd0>: Failed to resolve 'fbohome.sam.gov' ([Errno 8] nodename nor servname provided, or not known)"))
2025-09-01 15:10:01 | WARNING  | scrapers.base_scraper:_make_request:68 - Request failed (attempt 2/3): HTTPSConnectionPool(host='fbohome.sam.gov', port=443): Max retries exceeded with url: /?s=opportunity&mode=list&tab=list&q=system+administration&postedFrom=08%2F25%2F2025&postedTo=09%2F01%2F2025 (Caused by NameResolutionError("<urllib3.connection.HTTPSConnection object at 0x1330c91d0>: Failed to resolve 'fbohome.sam.gov' ([Errno 8] nodename nor servname provided, or not known)"))
2025-09-01 15:10:05 | WARNING  | scrapers.base_scraper:_make_request:68 - Request failed (attempt 3/3): HTTPSConnectionPool(host='fbohome.sam.gov', port=443): Max retries exceeded with url: /?s=opportunity&mode=list&tab=list&q=system+administration&postedFrom=08%2F25%2F2025&postedTo=09%2F01%2F2025 (Caused by NameResolutionError("<urllib3.connection.HTTPSConnection object at 0x1330cafd0>: Failed to resolve 'fbohome.sam.gov' ([Errno 8] nodename nor servname provided, or not known)"))
2025-09-01 15:10:05 | ERROR    | scrapers.base_scraper:_make_request:70 - Failed to fetch https://www.fbo.gov/index.php after 3 attempts
2025-09-01 15:10:05 | INFO     | scrapers.fbo_scraper:search_opportunities:25 - Searching FBO.gov for keyword: network administration
2025-09-01 15:10:08 | WARNING  | scrapers.base_scraper:_make_request:68 - Request failed (attempt 1/3): HTTPSConnectionPool(host='fbohome.sam.gov', port=443): Max retries exceeded with url: /?s=opportunity&mode=list&tab=list&q=network+administration&postedFrom=08%2F25%2F2025&postedTo=09%2F01%2F2025 (Caused by NameResolutionError("<urllib3.connection.HTTPSConnection object at 0x1330cb4d0>: Failed to resolve 'fbohome.sam.gov' ([Errno 8] nodename nor servname provided, or not known)"))
2025-09-01 15:10:10 | WARNING  | scrapers.base_scraper:_make_request:68 - Request failed (attempt 2/3): HTTPSConnectionPool(host='fbohome.sam.gov', port=443): Max retries exceeded with url: /?s=opportunity&mode=list&tab=list&q=network+administration&postedFrom=08%2F25%2F2025&postedTo=09%2F01%2F2025 (Caused by NameResolutionError("<urllib3.connection.HTTPSConnection object at 0x1330cb9d0>: Failed to resolve 'fbohome.sam.gov' ([Errno 8] nodename nor servname provided, or not known)"))
2025-09-01 15:10:15 | WARNING  | scrapers.base_scraper:_make_request:68 - Request failed (attempt 3/3): HTTPSConnectionPool(host='fbohome.sam.gov', port=443): Max retries exceeded with url: /?s=opportunity&mode=list&tab=list&q=network+administration&postedFrom=08%2F25%2F2025&postedTo=09%2F01%2F2025 (Caused by NameResolutionError("<urllib3.connection.HTTPSConnection object at 0x1330cbed0>: Failed to resolve 'fbohome.sam.gov' ([Errno 8] nodename nor servname provided, or not known)"))
2025-09-01 15:10:15 | ERROR    | scrapers.base_scraper:_make_request:70 - Failed to fetch https://www.fbo.gov/index.php after 3 attempts
2025-09-01 15:10:15 | INFO     | scrapers.fbo_scraper:search_opportunities:25 - Searching FBO.gov for keyword: database management
2025-09-01 15:10:17 | WARNING  | scrapers.base_scraper:_make_request:68 - Request failed (attempt 1/3): HTTPSConnectionPool(host='fbohome.sam.gov', port=443): Max retries exceeded with url: /?s=opportunity&mode=list&tab=list&q=database+management&postedFrom=08%2F25%2F2025&postedTo=09%2F01%2F2025 (Caused by NameResolutionError("<urllib3.connection.HTTPSConnection object at 0x134444410>: Failed to resolve 'fbohome.sam.gov' ([Errno 8] nodename nor servname provided, or not known)"))
2025-09-01 15:10:20 | WARNING  | scrapers.base_scraper:_make_request:68 - Request failed (attempt 2/3): HTTPSConnectionPool(host='fbohome.sam.gov', port=443): Max retries exceeded with url: /?s=opportunity&mode=list&tab=list&q=database+management&postedFrom=08%2F25%2F2025&postedTo=09%2F01%2F2025 (Caused by NameResolutionError("<urllib3.connection.HTTPSConnection object at 0x134444910>: Failed to resolve 'fbohome.sam.gov' ([Errno 8] nodename nor servname provided, or not known)"))
2025-09-01 15:10:24 | WARNING  | scrapers.base_scraper:_make_request:68 - Request failed (attempt 3/3): HTTPSConnectionPool(host='fbohome.sam.gov', port=443): Max retries exceeded with url: /?s=opportunity&mode=list&tab=list&q=database+management&postedFrom=08%2F25%2F2025&postedTo=09%2F01%2F2025 (Caused by NameResolutionError("<urllib3.connection.HTTPSConnection object at 0x134444e10>: Failed to resolve 'fbohome.sam.gov' ([Errno 8] nodename nor servname provided, or not known)"))
2025-09-01 15:10:24 | ERROR    | scrapers.base_scraper:_make_request:70 - Failed to fetch https://www.fbo.gov/index.php after 3 attempts
2025-09-01 15:10:24 | INFO     | scrapers.fbo_scraper:search_opportunities:25 - Searching FBO.gov for keyword: cloud services
2025-09-01 15:10:26 | WARNING  | scrapers.base_scraper:_make_request:68 - Request failed (attempt 1/3): HTTPSConnectionPool(host='fbohome.sam.gov', port=443): Max retries exceeded with url: /?s=opportunity&mode=list&tab=list&q=cloud+services&postedFrom=08%2F25%2F2025&postedTo=09%2F01%2F2025 (Caused by NameResolutionError("<urllib3.connection.HTTPSConnection object at 0x134445310>: Failed to resolve 'fbohome.sam.gov' ([Errno 8] nodename nor servname provided, or not known)"))
2025-09-01 15:10:30 | WARNING  | scrapers.base_scraper:_make_request:68 - Request failed (attempt 2/3): HTTPSConnectionPool(host='fbohome.sam.gov', port=443): Max retries exceeded with url: /?s=opportunity&mode=list&tab=list&q=cloud+services&postedFrom=08%2F25%2F2025&postedTo=09%2F01%2F2025 (Caused by NameResolutionError("<urllib3.connection.HTTPSConnection object at 0x134445810>: Failed to resolve 'fbohome.sam.gov' ([Errno 8] nodename nor servname provided, or not known)"))
2025-09-01 15:10:33 | WARNING  | scrapers.base_scraper:_make_request:68 - Request failed (attempt 3/3): HTTPSConnectionPool(host='fbohome.sam.gov', port=443): Max retries exceeded with url: /?s=opportunity&mode=list&tab=list&q=cloud+services&postedFrom=08%2F25%2F2025&postedTo=09%2F01%2F2025 (Caused by NameResolutionError("<urllib3.connection.HTTPSConnection object at 0x134445d10>: Failed to resolve 'fbohome.sam.gov' ([Errno 8] nodename nor servname provided, or not known)"))
2025-09-01 15:10:33 | ERROR    | scrapers.base_scraper:_make_request:70 - Failed to fetch https://www.fbo.gov/index.php after 3 attempts
2025-09-01 15:10:33 | INFO     | scrapers.fbo_scraper:search_opportunities:25 - Searching FBO.gov for keyword: digital transformation
2025-09-01 15:10:36 | WARNING  | scrapers.base_scraper:_make_request:68 - Request failed (attempt 1/3): HTTPSConnectionPool(host='fbohome.sam.gov', port=443): Max retries exceeded with url: /?s=opportunity&mode=list&tab=list&q=digital+transformation&postedFrom=08%2F25%2F2025&postedTo=09%2F01%2F2025 (Caused by NameResolutionError("<urllib3.connection.HTTPSConnection object at 0x134446210>: Failed to resolve 'fbohome.sam.gov' ([Errno 8] nodename nor servname provided, or not known)"))
2025-09-01 15:10:39 | WARNING  | scrapers.base_scraper:_make_request:68 - Request failed (attempt 2/3): HTTPSConnectionPool(host='fbohome.sam.gov', port=443): Max retries exceeded with url: /?s=opportunity&mode=list&tab=list&q=digital+transformation&postedFrom=08%2F25%2F2025&postedTo=09%2F01%2F2025 (Caused by NameResolutionError("<urllib3.connection.HTTPSConnection object at 0x134446710>: Failed to resolve 'fbohome.sam.gov' ([Errno 8] nodename nor servname provided, or not known)"))
2025-09-01 15:10:43 | WARNING  | scrapers.base_scraper:_make_request:68 - Request failed (attempt 3/3): HTTPSConnectionPool(host='fbohome.sam.gov', port=443): Max retries exceeded with url: /?s=opportunity&mode=list&tab=list&q=digital+transformation&postedFrom=08%2F25%2F2025&postedTo=09%2F01%2F2025 (Caused by NameResolutionError("<urllib3.connection.HTTPSConnection object at 0x134446c10>: Failed to resolve 'fbohome.sam.gov' ([Errno 8] nodename nor servname provided, or not known)"))
2025-09-01 15:10:43 | ERROR    | scrapers.base_scraper:_make_request:70 - Failed to fetch https://www.fbo.gov/index.php after 3 attempts
2025-09-01 15:10:43 | INFO     | scrapers.fbo_scraper:search_opportunities:25 - Searching FBO.gov for keyword: IT consulting
2025-09-01 15:10:44 | WARNING  | scrapers.base_scraper:_make_request:68 - Request failed (attempt 1/3): HTTPSConnectionPool(host='fbohome.sam.gov', port=443): Max retries exceeded with url: /?s=opportunity&mode=list&tab=list&q=IT+consulting&postedFrom=08%2F25%2F2025&postedTo=09%2F01%2F2025 (Caused by NameResolutionError("<urllib3.connection.HTTPSConnection object at 0x1330cb9d0>: Failed to resolve 'fbohome.sam.gov' ([Errno 8] nodename nor servname provided, or not known)"))
2025-09-01 15:10:47 | WARNING  | scrapers.base_scraper:_make_request:68 - Request failed (attempt 2/3): HTTPSConnectionPool(host='fbohome.sam.gov', port=443): Max retries exceeded with url: /?s=opportunity&mode=list&tab=list&q=IT+consulting&postedFrom=08%2F25%2F2025&postedTo=09%2F01%2F2025 (Caused by NameResolutionError("<urllib3.connection.HTTPSConnection object at 0x1330cb4d0>: Failed to resolve 'fbohome.sam.gov' ([Errno 8] nodename nor servname provided, or not known)"))
2025-09-01 15:10:51 | WARNING  | scrapers.base_scraper:_make_request:68 - Request failed (attempt 3/3): HTTPSConnectionPool(host='fbohome.sam.gov', port=443): Max retries exceeded with url: /?s=opportunity&mode=list&tab=list&q=IT+consulting&postedFrom=08%2F25%2F2025&postedTo=09%2F01%2F2025 (Caused by NameResolutionError("<urllib3.connection.HTTPSConnection object at 0x1330cafd0>: Failed to resolve 'fbohome.sam.gov' ([Errno 8] nodename nor servname provided, or not known)"))
2025-09-01 15:10:51 | ERROR    | scrapers.base_scraper:_make_request:70 - Failed to fetch https://www.fbo.gov/index.php after 3 attempts
2025-09-01 15:10:51 | INFO     | scrapers.fbo_scraper:search_opportunities:25 - Searching FBO.gov for keyword: cybersecurity
2025-09-01 15:10:52 | WARNING  | scrapers.base_scraper:_make_request:68 - Request failed (attempt 1/3): HTTPSConnectionPool(host='fbohome.sam.gov', port=443): Max retries exceeded with url: /?s=opportunity&mode=list&tab=list&q=cybersecurity&postedFrom=08%2F25%2F2025&postedTo=09%2F01%2F2025 (Caused by NameResolutionError("<urllib3.connection.HTTPSConnection object at 0x1330c91d0>: Failed to resolve 'fbohome.sam.gov' ([Errno 8] nodename nor servname provided, or not known)"))
2025-09-01 15:10:56 | WARNING  | scrapers.base_scraper:_make_request:68 - Request failed (attempt 2/3): HTTPSConnectionPool(host='fbohome.sam.gov', port=443): Max retries exceeded with url: /?s=opportunity&mode=list&tab=list&q=cybersecurity&postedFrom=08%2F25%2F2025&postedTo=09%2F01%2F2025 (Caused by NameResolutionError("<urllib3.connection.HTTPSConnection object at 0x1330c9bd0>: Failed to resolve 'fbohome.sam.gov' ([Errno 8] nodename nor servname provided, or not known)"))
2025-09-01 15:11:00 | WARNING  | scrapers.base_scraper:_make_request:68 - Request failed (attempt 3/3): HTTPSConnectionPool(host='fbohome.sam.gov', port=443): Max retries exceeded with url: /?s=opportunity&mode=list&tab=list&q=cybersecurity&postedFrom=08%2F25%2F2025&postedTo=09%2F01%2F2025 (Caused by NameResolutionError("<urllib3.connection.HTTPSConnection object at 0x1330ca0d0>: Failed to resolve 'fbohome.sam.gov' ([Errno 8] nodename nor servname provided, or not known)"))
2025-09-01 15:11:00 | ERROR    | scrapers.base_scraper:_make_request:70 - Failed to fetch https://www.fbo.gov/index.php after 3 attempts
2025-09-01 15:11:00 | INFO     | scrapers.fbo_scraper:search_opportunities:25 - Searching FBO.gov for keyword: information security
2025-09-01 15:11:03 | WARNING  | scrapers.base_scraper:_make_request:68 - Request failed (attempt 1/3): HTTPSConnectionPool(host='fbohome.sam.gov', port=443): Max retries exceeded with url: /?s=opportunity&mode=list&tab=list&q=information+security&postedFrom=08%2F25%2F2025&postedTo=09%2F01%2F2025 (Caused by NameResolutionError("<urllib3.connection.HTTPSConnection object at 0x1330ca5d0>: Failed to resolve 'fbohome.sam.gov' ([Errno 8] nodename nor servname provided, or not known)"))
2025-09-01 15:11:05 | WARNING  | scrapers.base_scraper:_make_request:68 - Request failed (attempt 2/3): HTTPSConnectionPool(host='fbohome.sam.gov', port=443): Max retries exceeded with url: /?s=opportunity&mode=list&tab=list&q=information+security&postedFrom=08%2F25%2F2025&postedTo=09%2F01%2F2025 (Caused by NameResolutionError("<urllib3.connection.HTTPSConnection object at 0x134446990>: Failed to resolve 'fbohome.sam.gov' ([Errno 8] nodename nor servname provided, or not known)"))
2025-09-01 15:11:09 | WARNING  | scrapers.base_scraper:_make_request:68 - Request failed (attempt 3/3): HTTPSConnectionPool(host='fbohome.sam.gov', port=443): Max retries exceeded with url: /?s=opportunity&mode=list&tab=list&q=information+security&postedFrom=08%2F25%2F2025&postedTo=09%2F01%2F2025 (Caused by NameResolutionError("<urllib3.connection.HTTPSConnection object at 0x134446490>: Failed to resolve 'fbohome.sam.gov' ([Errno 8] nodename nor servname provided, or not known)"))
2025-09-01 15:11:09 | ERROR    | scrapers.base_scraper:_make_request:70 - Failed to fetch https://www.fbo.gov/index.php after 3 attempts
2025-09-01 15:11:09 | INFO     | scrapers.fbo_scraper:search_opportunities:25 - Searching FBO.gov for keyword: cyber security
2025-09-01 15:11:11 | WARNING  | scrapers.base_scraper:_make_request:68 - Request failed (attempt 1/3): HTTPSConnectionPool(host='fbohome.sam.gov', port=443): Max retries exceeded with url: /?s=opportunity&mode=list&tab=list&q=cyber+security&postedFrom=08%2F25%2F2025&postedTo=09%2F01%2F2025 (Caused by NameResolutionError("<urllib3.connection.HTTPSConnection object at 0x134445f90>: Failed to resolve 'fbohome.sam.gov' ([Errno 8] nodename nor servname provided, or not known)"))
2025-09-01 15:11:15 | WARNING  | scrapers.base_scraper:_make_request:68 - Request failed (attempt 2/3): HTTPSConnectionPool(host='fbohome.sam.gov', port=443): Max retries exceeded with url: /?s=opportunity&mode=list&tab=list&q=cyber+security&postedFrom=08%2F25%2F2025&postedTo=09%2F01%2F2025 (Caused by NameResolutionError("<urllib3.connection.HTTPSConnection object at 0x134445a90>: Failed to resolve 'fbohome.sam.gov' ([Errno 8] nodename nor servname provided, or not known)"))
2025-09-01 15:11:19 | WARNING  | scrapers.base_scraper:_make_request:68 - Request failed (attempt 3/3): HTTPSConnectionPool(host='fbohome.sam.gov', port=443): Max retries exceeded with url: /?s=opportunity&mode=list&tab=list&q=cyber+security&postedFrom=08%2F25%2F2025&postedTo=09%2F01%2F2025 (Caused by NameResolutionError("<urllib3.connection.HTTPSConnection object at 0x134445590>: Failed to resolve 'fbohome.sam.gov' ([Errno 8] nodename nor servname provided, or not known)"))
2025-09-01 15:11:19 | ERROR    | scrapers.base_scraper:_make_request:70 - Failed to fetch https://www.fbo.gov/index.php after 3 attempts
2025-09-01 15:11:19 | INFO     | scrapers.fbo_scraper:search_opportunities:25 - Searching FBO.gov for keyword: security assessment
2025-09-01 15:11:22 | WARNING  | scrapers.base_scraper:_make_request:68 - Request failed (attempt 1/3): HTTPSConnectionPool(host='fbohome.sam.gov', port=443): Max retries exceeded with url: /?s=opportunity&mode=list&tab=list&q=security+assessment&postedFrom=08%2F25%2F2025&postedTo=09%2F01%2F2025 (Caused by NameResolutionError("<urllib3.connection.HTTPSConnection object at 0x134445090>: Failed to resolve 'fbohome.sam.gov' ([Errno 8] nodename nor servname provided, or not known)"))
2025-09-01 15:11:25 | WARNING  | scrapers.base_scraper:_make_request:68 - Request failed (attempt 2/3): HTTPSConnectionPool(host='fbohome.sam.gov', port=443): Max retries exceeded with url: /?s=opportunity&mode=list&tab=list&q=security+assessment&postedFrom=08%2F25%2F2025&postedTo=09%2F01%2F2025 (Caused by NameResolutionError("<urllib3.connection.HTTPSConnection object at 0x134444b90>: Failed to resolve 'fbohome.sam.gov' ([Errno 8] nodename nor servname provided, or not known)"))
2025-09-01 15:11:29 | WARNING  | scrapers.base_scraper:_make_request:68 - Request failed (attempt 3/3): HTTPSConnectionPool(host='fbohome.sam.gov', port=443): Max retries exceeded with url: /?s=opportunity&mode=list&tab=list&q=security+assessment&postedFrom=08%2F25%2F2025&postedTo=09%2F01%2F2025 (Caused by NameResolutionError("<urllib3.connection.HTTPSConnection object at 0x134444690>: Failed to resolve 'fbohome.sam.gov' ([Errno 8] nodename nor servname provided, or not known)"))
2025-09-01 15:11:29 | ERROR    | scrapers.base_scraper:_make_request:70 - Failed to fetch https://www.fbo.gov/index.php after 3 attempts
2025-09-01 15:11:29 | INFO     | scrapers.fbo_scraper:search_opportunities:25 - Searching FBO.gov for keyword: penetration testing
2025-09-01 15:11:30 | WARNING  | scrapers.base_scraper:_make_request:68 - Request failed (attempt 1/3): HTTPSConnectionPool(host='fbohome.sam.gov', port=443): Max retries exceeded with url: /?s=opportunity&mode=list&tab=list&q=penetration+testing&postedFrom=08%2F25%2F2025&postedTo=09%2F01%2F2025 (Caused by NameResolutionError("<urllib3.connection.HTTPSConnection object at 0x134444190>: Failed to resolve 'fbohome.sam.gov' ([Errno 8] nodename nor servname provided, or not known)"))
2025-09-01 15:11:33 | WARNING  | scrapers.base_scraper:_make_request:68 - Request failed (attempt 2/3): HTTPSConnectionPool(host='fbohome.sam.gov', port=443): Max retries exceeded with url: /?s=opportunity&mode=list&tab=list&q=penetration+testing&postedFrom=08%2F25%2F2025&postedTo=09%2F01%2F2025 (Caused by NameResolutionError("<urllib3.connection.HTTPSConnection object at 0x134446e90>: Failed to resolve 'fbohome.sam.gov' ([Errno 8] nodename nor servname provided, or not known)"))
2025-09-01 15:11:38 | WARNING  | scrapers.base_scraper:_make_request:68 - Request failed (attempt 3/3): HTTPSConnectionPool(host='fbohome.sam.gov', port=443): Max retries exceeded with url: /?s=opportunity&mode=list&tab=list&q=penetration+testing&postedFrom=08%2F25%2F2025&postedTo=09%2F01%2F2025 (Caused by NameResolutionError("<urllib3.connection.HTTPSConnection object at 0x134447390>: Failed to resolve 'fbohome.sam.gov' ([Errno 8] nodename nor servname provided, or not known)"))
2025-09-01 15:11:38 | ERROR    | scrapers.base_scraper:_make_request:70 - Failed to fetch https://www.fbo.gov/index.php after 3 attempts
2025-09-01 15:11:38 | INFO     | scrapers.fbo_scraper:search_opportunities:25 - Searching FBO.gov for keyword: vulnerability assessment
2025-09-01 15:11:39 | WARNING  | scrapers.base_scraper:_make_request:68 - Request failed (attempt 1/3): HTTPSConnectionPool(host='fbohome.sam.gov', port=443): Max retries exceeded with url: /?s=opportunity&mode=list&tab=list&q=vulnerability+assessment&postedFrom=08%2F25%2F2025&postedTo=09%2F01%2F2025 (Caused by NameResolutionError("<urllib3.connection.HTTPSConnection object at 0x1330ca850>: Failed to resolve 'fbohome.sam.gov' ([Errno 8] nodename nor servname provided, or not known)"))
2025-09-01 15:11:44 | WARNING  | scrapers.base_scraper:_make_request:68 - Request failed (attempt 2/3): HTTPSConnectionPool(host='fbohome.sam.gov', port=443): Max retries exceeded with url: /?s=opportunity&mode=list&tab=list&q=vulnerability+assessment&postedFrom=08%2F25%2F2025&postedTo=09%2F01%2F2025 (Caused by NameResolutionError("<urllib3.connection.HTTPSConnection object at 0x1330ca350>: Failed to resolve 'fbohome.sam.gov' ([Errno 8] nodename nor servname provided, or not known)"))
2025-09-01 15:11:48 | WARNING  | scrapers.base_scraper:_make_request:68 - Request failed (attempt 3/3): HTTPSConnectionPool(host='fbohome.sam.gov', port=443): Max retries exceeded with url: /?s=opportunity&mode=list&tab=list&q=vulnerability+assessment&postedFrom=08%2F25%2F2025&postedTo=09%2F01%2F2025 (Caused by NameResolutionError("<urllib3.connection.HTTPSConnection object at 0x1330c9e50>: Failed to resolve 'fbohome.sam.gov' ([Errno 8] nodename nor servname provided, or not known)"))
2025-09-01 15:11:48 | ERROR    | scrapers.base_scraper:_make_request:70 - Failed to fetch https://www.fbo.gov/index.php after 3 attempts
2025-09-01 15:11:48 | INFO     | scrapers.fbo_scraper:search_opportunities:25 - Searching FBO.gov for keyword: security monitoring
2025-09-01 15:11:49 | WARNING  | scrapers.base_scraper:_make_request:68 - Request failed (attempt 1/3): HTTPSConnectionPool(host='fbohome.sam.gov', port=443): Max retries exceeded with url: /?s=opportunity&mode=list&tab=list&q=security+monitoring&postedFrom=08%2F25%2F2025&postedTo=09%2F01%2F2025 (Caused by NameResolutionError("<urllib3.connection.HTTPSConnection object at 0x1330c9090>: Failed to resolve 'fbohome.sam.gov' ([Errno 8] nodename nor servname provided, or not known)"))
2025-09-01 15:11:53 | WARNING  | scrapers.base_scraper:_make_request:68 - Request failed (attempt 2/3): HTTPSConnectionPool(host='fbohome.sam.gov', port=443): Max retries exceeded with url: /?s=opportunity&mode=list&tab=list&q=security+monitoring&postedFrom=08%2F25%2F2025&postedTo=09%2F01%2F2025 (Caused by NameResolutionError("<urllib3.connection.HTTPSConnection object at 0x1330c9310>: Failed to resolve 'fbohome.sam.gov' ([Errno 8] nodename nor servname provided, or not known)"))
2025-09-01 15:11:57 | WARNING  | scrapers.base_scraper:_make_request:68 - Request failed (attempt 3/3): HTTPSConnectionPool(host='fbohome.sam.gov', port=443): Max retries exceeded with url: /?s=opportunity&mode=list&tab=list&q=security+monitoring&postedFrom=08%2F25%2F2025&postedTo=09%2F01%2F2025 (Caused by NameResolutionError("<urllib3.connection.HTTPSConnection object at 0x1330cb250>: Failed to resolve 'fbohome.sam.gov' ([Errno 8] nodename nor servname provided, or not known)"))
2025-09-01 15:11:57 | ERROR    | scrapers.base_scraper:_make_request:70 - Failed to fetch https://www.fbo.gov/index.php after 3 attempts
2025-09-01 15:11:57 | INFO     | scrapers.fbo_scraper:search_opportunities:25 - Searching FBO.gov for keyword: incident response
2025-09-01 15:11:58 | WARNING  | scrapers.base_scraper:_make_request:68 - Request failed (attempt 1/3): HTTPSConnectionPool(host='fbohome.sam.gov', port=443): Max retries exceeded with url: /?s=opportunity&mode=list&tab=list&q=incident+response&postedFrom=08%2F25%2F2025&postedTo=09%2F01%2F2025 (Caused by NameResolutionError("<urllib3.connection.HTTPSConnection object at 0x1330cb750>: Failed to resolve 'fbohome.sam.gov' ([Errno 8] nodename nor servname provided, or not known)"))
2025-09-01 15:12:02 | WARNING  | scrapers.base_scraper:_make_request:68 - Request failed (attempt 2/3): HTTPSConnectionPool(host='fbohome.sam.gov', port=443): Max retries exceeded with url: /?s=opportunity&mode=list&tab=list&q=incident+response&postedFrom=08%2F25%2F2025&postedTo=09%2F01%2F2025 (Caused by NameResolutionError("<urllib3.connection.HTTPSConnection object at 0x1330cbc50>: Failed to resolve 'fbohome.sam.gov' ([Errno 8] nodename nor servname provided, or not known)"))
2025-09-01 15:12:06 | WARNING  | scrapers.base_scraper:_make_request:68 - Request failed (attempt 3/3): HTTPSConnectionPool(host='fbohome.sam.gov', port=443): Max retries exceeded with url: /?s=opportunity&mode=list&tab=list&q=incident+response&postedFrom=08%2F25%2F2025&postedTo=09%2F01%2F2025 (Caused by NameResolutionError("<urllib3.connection.HTTPSConnection object at 0x133aac190>: Failed to resolve 'fbohome.sam.gov' ([Errno 8] nodename nor servname provided, or not known)"))
2025-09-01 15:12:06 | ERROR    | scrapers.base_scraper:_make_request:70 - Failed to fetch https://www.fbo.gov/index.php after 3 attempts
2025-09-01 15:12:06 | INFO     | scrapers.fbo_scraper:search_opportunities:25 - Searching FBO.gov for keyword: security consulting
2025-09-01 15:12:09 | WARNING  | scrapers.base_scraper:_make_request:68 - Request failed (attempt 1/3): HTTPSConnectionPool(host='fbohome.sam.gov', port=443): Max retries exceeded with url: /?s=opportunity&mode=list&tab=list&q=security+consulting&postedFrom=08%2F25%2F2025&postedTo=09%2F01%2F2025 (Caused by NameResolutionError("<urllib3.connection.HTTPSConnection object at 0x133aac690>: Failed to resolve 'fbohome.sam.gov' ([Errno 8] nodename nor servname provided, or not known)"))
2025-09-01 15:12:11 | WARNING  | scrapers.base_scraper:_make_request:68 - Request failed (attempt 2/3): HTTPSConnectionPool(host='fbohome.sam.gov', port=443): Max retries exceeded with url: /?s=opportunity&mode=list&tab=list&q=security+consulting&postedFrom=08%2F25%2F2025&postedTo=09%2F01%2F2025 (Caused by NameResolutionError("<urllib3.connection.HTTPSConnection object at 0x133aacb90>: Failed to resolve 'fbohome.sam.gov' ([Errno 8] nodename nor servname provided, or not known)"))
2025-09-01 15:12:15 | WARNING  | scrapers.base_scraper:_make_request:68 - Request failed (attempt 3/3): HTTPSConnectionPool(host='fbohome.sam.gov', port=443): Max retries exceeded with url: /?s=opportunity&mode=list&tab=list&q=security+consulting&postedFrom=08%2F25%2F2025&postedTo=09%2F01%2F2025 (Caused by NameResolutionError("<urllib3.connection.HTTPSConnection object at 0x133aad090>: Failed to resolve 'fbohome.sam.gov' ([Errno 8] nodename nor servname provided, or not known)"))
2025-09-01 15:12:15 | ERROR    | scrapers.base_scraper:_make_request:70 - Failed to fetch https://www.fbo.gov/index.php after 3 attempts
2025-09-01 15:12:15 | INFO     | scrapers.fbo_scraper:search_opportunities:25 - Searching FBO.gov for keyword: compliance
2025-09-01 15:12:16 | WARNING  | scrapers.base_scraper:_make_request:68 - Request failed (attempt 1/3): HTTPSConnectionPool(host='fbohome.sam.gov', port=443): Max retries exceeded with url: /?s=opportunity&mode=list&tab=list&q=compliance&postedFrom=08%2F25%2F2025&postedTo=09%2F01%2F2025 (Caused by NameResolutionError("<urllib3.connection.HTTPSConnection object at 0x133aad590>: Failed to resolve 'fbohome.sam.gov' ([Errno 8] nodename nor servname provided, or not known)"))
2025-09-01 15:12:19 | WARNING  | scrapers.base_scraper:_make_request:68 - Request failed (attempt 2/3): HTTPSConnectionPool(host='fbohome.sam.gov', port=443): Max retries exceeded with url: /?s=opportunity&mode=list&tab=list&q=compliance&postedFrom=08%2F25%2F2025&postedTo=09%2F01%2F2025 (Caused by NameResolutionError("<urllib3.connection.HTTPSConnection object at 0x133aada90>: Failed to resolve 'fbohome.sam.gov' ([Errno 8] nodename nor servname provided, or not known)"))
2025-09-01 15:12:24 | WARNING  | scrapers.base_scraper:_make_request:68 - Request failed (attempt 3/3): HTTPSConnectionPool(host='fbohome.sam.gov', port=443): Max retries exceeded with url: /?s=opportunity&mode=list&tab=list&q=compliance&postedFrom=08%2F25%2F2025&postedTo=09%2F01%2F2025 (Caused by NameResolutionError("<urllib3.connection.HTTPSConnection object at 0x133aadf90>: Failed to resolve 'fbohome.sam.gov' ([Errno 8] nodename nor servname provided, or not known)"))
2025-09-01 15:12:24 | ERROR    | scrapers.base_scraper:_make_request:70 - Failed to fetch https://www.fbo.gov/index.php after 3 attempts
2025-09-01 15:12:24 | INFO     | scrapers.fbo_scraper:search_opportunities:25 - Searching FBO.gov for keyword: risk assessment
2025-09-01 15:12:26 | WARNING  | scrapers.base_scraper:_make_request:68 - Request failed (attempt 1/3): HTTPSConnectionPool(host='fbohome.sam.gov', port=443): Max retries exceeded with url: /?s=opportunity&mode=list&tab=list&q=risk+assessment&postedFrom=08%2F25%2F2025&postedTo=09%2F01%2F2025 (Caused by NameResolutionError("<urllib3.connection.HTTPSConnection object at 0x133aae490>: Failed to resolve 'fbohome.sam.gov' ([Errno 8] nodename nor servname provided, or not known)"))
2025-09-01 15:12:28 | WARNING  | scrapers.base_scraper:_make_request:68 - Request failed (attempt 2/3): HTTPSConnectionPool(host='fbohome.sam.gov', port=443): Max retries exceeded with url: /?s=opportunity&mode=list&tab=list&q=risk+assessment&postedFrom=08%2F25%2F2025&postedTo=09%2F01%2F2025 (Caused by NameResolutionError("<urllib3.connection.HTTPSConnection object at 0x133aae990>: Failed to resolve 'fbohome.sam.gov' ([Errno 8] nodename nor servname provided, or not known)"))
2025-09-01 15:12:32 | WARNING  | scrapers.base_scraper:_make_request:68 - Request failed (attempt 3/3): HTTPSConnectionPool(host='fbohome.sam.gov', port=443): Max retries exceeded with url: /?s=opportunity&mode=list&tab=list&q=risk+assessment&postedFrom=08%2F25%2F2025&postedTo=09%2F01%2F2025 (Caused by NameResolutionError("<urllib3.connection.HTTPSConnection object at 0x133aaee90>: Failed to resolve 'fbohome.sam.gov' ([Errno 8] nodename nor servname provided, or not known)"))
2025-09-01 15:12:32 | ERROR    | scrapers.base_scraper:_make_request:70 - Failed to fetch https://www.fbo.gov/index.php after 3 attempts
2025-09-01 15:12:32 | INFO     | scrapers.fbo_scraper:search_opportunities:25 - Searching FBO.gov for keyword: security operations center
2025-09-01 15:12:34 | WARNING  | scrapers.base_scraper:_make_request:68 - Request failed (attempt 1/3): HTTPSConnectionPool(host='fbohome.sam.gov', port=443): Max retries exceeded with url: /?s=opportunity&mode=list&tab=list&q=security+operations+center&postedFrom=08%2F25%2F2025&postedTo=09%2F01%2F2025 (Caused by NameResolutionError("<urllib3.connection.HTTPSConnection object at 0x133aaf390>: Failed to resolve 'fbohome.sam.gov' ([Errno 8] nodename nor servname provided, or not known)"))
2025-09-01 15:12:37 | WARNING  | scrapers.base_scraper:_make_request:68 - Request failed (attempt 2/3): HTTPSConnectionPool(host='fbohome.sam.gov', port=443): Max retries exceeded with url: /?s=opportunity&mode=list&tab=list&q=security+operations+center&postedFrom=08%2F25%2F2025&postedTo=09%2F01%2F2025 (Caused by NameResolutionError("<urllib3.connection.HTTPSConnection object at 0x133aaf890>: Failed to resolve 'fbohome.sam.gov' ([Errno 8] nodename nor servname provided, or not known)"))
2025-09-01 15:12:41 | WARNING  | scrapers.base_scraper:_make_request:68 - Request failed (attempt 3/3): HTTPSConnectionPool(host='fbohome.sam.gov', port=443): Max retries exceeded with url: /?s=opportunity&mode=list&tab=list&q=security+operations+center&postedFrom=08%2F25%2F2025&postedTo=09%2F01%2F2025 (Caused by NameResolutionError("<urllib3.connection.HTTPSConnection object at 0x1330cbed0>: Failed to resolve 'fbohome.sam.gov' ([Errno 8] nodename nor servname provided, or not known)"))
2025-09-01 15:12:41 | ERROR    | scrapers.base_scraper:_make_request:70 - Failed to fetch https://www.fbo.gov/index.php after 3 attempts
2025-09-01 15:12:41 | INFO     | scrapers.fbo_scraper:search_opportunities:50 - Found 0 unique opportunities from FBO.gov
2025-09-01 15:12:41 | INFO     | __main__:run:106 - FBO.gov: Found 0 opportunities
2025-09-01 15:12:41 | WARNING  | __main__:run:111 - No opportunities found
2025-09-08 13:39:06 | INFO     | __main__:__init__:48 - Bid Application System initialized
2025-09-08 13:39:06 | INFO     | __main__:run:83 - Starting bid application process (days_back=7, max_opportunities=50)
2025-09-08 13:39:06 | INFO     | __main__:run:87 - Step 1: Processing company documents...
2025-09-08 13:39:06 | INFO     | processors.document_processor:process_all_documents:67 - Processed document: technical_capabilities.txt
2025-09-08 13:39:06 | INFO     | processors.document_processor:process_all_documents:67 - Processed document: company_profile.txt
2025-09-08 13:39:07 | INFO     | processors.document_processor:process_all_documents:67 - Processed document: 20250902_122256_NSS Incorperation .pdf
2025-09-08 13:39:07 | INFO     | processors.document_processor:process_all_documents:67 - Processed document: KCCA trade license.pdf
2025-09-08 13:39:07 | INFO     | processors.document_processor:process_all_documents:67 - Processed document: 20250903_113819_Keith-docs (3).pdf
2025-09-08 13:39:07 | INFO     | processors.document_processor:process_all_documents:67 - Processed document: Keith-docs (3).pdf
2025-09-08 13:39:07 | INFO     | processors.document_processor:process_all_documents:67 - Processed document: 20250902_161718_TWESIGYE KEITH CV.docx
2025-09-08 13:39:07 | INFO     | processors.document_processor:process_all_documents:71 - Processed 7 documents
2025-09-08 13:39:07 | INFO     | ai.opportunity_matcher:set_company_profile:57 - Company profile set for opportunity matching
2025-09-08 13:39:07 | INFO     | __main__:run:98 - Processed 7 documents
2025-09-08 13:39:07 | INFO     | __main__:run:99 - Company: 
2025-09-08 13:39:07 | INFO     | __main__:run:100 - Technical keywords: 26
2025-09-08 13:39:07 | INFO     | __main__:run:103 - Step 2: Searching for opportunities...
2025-09-08 13:39:07 | INFO     | scrapers.sample_scraper:search_opportunities:18 - Generating sample opportunities for demonstration
2025-09-08 13:39:07 | INFO     | scrapers.sample_scraper:search_opportunities:143 - Generated 8 sample opportunities
2025-09-08 13:39:07 | INFO     | __main__:run:113 - Sample Opportunities: Found 8 opportunities
2025-09-08 13:39:07 | INFO     | scrapers.sam_gov_scraper:search_opportunities:30 - Searching SAM.gov for keyword: information technology
2025-09-08 13:39:10 | WARNING  | scrapers.base_scraper:_make_request:68 - Request failed (attempt 1/3): 403 Client Error: Forbidden for url: https://api.sam.gov/prod/opportunities/v2/search?limit=100&offset=0&postedFrom=09%2F01%2F2025&postedTo=09%2F08%2F2025&ptype=o%2Ck%2Cr&q=information+technology&sort=-modifiedOn
2025-09-08 13:39:14 | WARNING  | scrapers.base_scraper:_make_request:68 - Request failed (attempt 2/3): 403 Client Error: Forbidden for url: https://api.sam.gov/prod/opportunities/v2/search?limit=100&offset=0&postedFrom=09%2F01%2F2025&postedTo=09%2F08%2F2025&ptype=o%2Ck%2Cr&q=information+technology&sort=-modifiedOn
2025-09-08 13:39:18 | WARNING  | scrapers.base_scraper:_make_request:68 - Request failed (attempt 3/3): 403 Client Error: Forbidden for url: https://api.sam.gov/prod/opportunities/v2/search?limit=100&offset=0&postedFrom=09%2F01%2F2025&postedTo=09%2F08%2F2025&ptype=o%2Ck%2Cr&q=information+technology&sort=-modifiedOn
2025-09-08 13:39:18 | ERROR    | scrapers.base_scraper:_make_request:70 - Failed to fetch https://api.sam.gov/prod/opportunities/v2/search after 3 attempts
2025-09-08 13:39:18 | INFO     | scrapers.sam_gov_scraper:search_opportunities:30 - Searching SAM.gov for keyword: IT services
2025-09-08 13:39:22 | WARNING  | scrapers.base_scraper:_make_request:68 - Request failed (attempt 1/3): 403 Client Error: Forbidden for url: https://api.sam.gov/prod/opportunities/v2/search?limit=100&offset=0&postedFrom=09%2F01%2F2025&postedTo=09%2F08%2F2025&ptype=o%2Ck%2Cr&q=IT+services&sort=-modifiedOn
2025-09-08 13:39:24 | WARNING  | scrapers.base_scraper:_make_request:68 - Request failed (attempt 2/3): 403 Client Error: Forbidden for url: https://api.sam.gov/prod/opportunities/v2/search?limit=100&offset=0&postedFrom=09%2F01%2F2025&postedTo=09%2F08%2F2025&ptype=o%2Ck%2Cr&q=IT+services&sort=-modifiedOn
2025-09-08 13:39:28 | WARNING  | scrapers.base_scraper:_make_request:68 - Request failed (attempt 3/3): 403 Client Error: Forbidden for url: https://api.sam.gov/prod/opportunities/v2/search?limit=100&offset=0&postedFrom=09%2F01%2F2025&postedTo=09%2F08%2F2025&ptype=o%2Ck%2Cr&q=IT+services&sort=-modifiedOn
2025-09-08 13:39:28 | ERROR    | scrapers.base_scraper:_make_request:70 - Failed to fetch https://api.sam.gov/prod/opportunities/v2/search after 3 attempts
2025-09-08 13:39:28 | INFO     | scrapers.sam_gov_scraper:search_opportunities:30 - Searching SAM.gov for keyword: software development
2025-09-08 13:39:30 | WARNING  | scrapers.base_scraper:_make_request:68 - Request failed (attempt 1/3): 403 Client Error: Forbidden for url: https://api.sam.gov/prod/opportunities/v2/search?limit=100&offset=0&postedFrom=09%2F01%2F2025&postedTo=09%2F08%2F2025&ptype=o%2Ck%2Cr&q=software+development&sort=-modifiedOn
2025-09-08 13:39:33 | WARNING  | scrapers.base_scraper:_make_request:68 - Request failed (attempt 2/3): 403 Client Error: Forbidden for url: https://api.sam.gov/prod/opportunities/v2/search?limit=100&offset=0&postedFrom=09%2F01%2F2025&postedTo=09%2F08%2F2025&ptype=o%2Ck%2Cr&q=software+development&sort=-modifiedOn
2025-09-08 13:39:38 | WARNING  | scrapers.base_scraper:_make_request:68 - Request failed (attempt 3/3): 403 Client Error: Forbidden for url: https://api.sam.gov/prod/opportunities/v2/search?limit=100&offset=0&postedFrom=09%2F01%2F2025&postedTo=09%2F08%2F2025&ptype=o%2Ck%2Cr&q=software+development&sort=-modifiedOn
2025-09-08 13:39:38 | ERROR    | scrapers.base_scraper:_make_request:70 - Failed to fetch https://api.sam.gov/prod/opportunities/v2/search after 3 attempts
2025-09-08 13:39:38 | INFO     | scrapers.sam_gov_scraper:search_opportunities:30 - Searching SAM.gov for keyword: system administration
2025-09-08 13:39:40 | WARNING  | scrapers.base_scraper:_make_request:68 - Request failed (attempt 1/3): 403 Client Error: Forbidden for url: https://api.sam.gov/prod/opportunities/v2/search?limit=100&offset=0&postedFrom=09%2F01%2F2025&postedTo=09%2F08%2F2025&ptype=o%2Ck%2Cr&q=system+administration&sort=-modifiedOn
2025-09-08 13:39:44 | WARNING  | scrapers.base_scraper:_make_request:68 - Request failed (attempt 2/3): 403 Client Error: Forbidden for url: https://api.sam.gov/prod/opportunities/v2/search?limit=100&offset=0&postedFrom=09%2F01%2F2025&postedTo=09%2F08%2F2025&ptype=o%2Ck%2Cr&q=system+administration&sort=-modifiedOn
2025-09-08 13:39:49 | WARNING  | scrapers.base_scraper:_make_request:68 - Request failed (attempt 3/3): 403 Client Error: Forbidden for url: https://api.sam.gov/prod/opportunities/v2/search?limit=100&offset=0&postedFrom=09%2F01%2F2025&postedTo=09%2F08%2F2025&ptype=o%2Ck%2Cr&q=system+administration&sort=-modifiedOn
2025-09-08 13:39:49 | ERROR    | scrapers.base_scraper:_make_request:70 - Failed to fetch https://api.sam.gov/prod/opportunities/v2/search after 3 attempts
2025-09-08 13:39:49 | INFO     | scrapers.sam_gov_scraper:search_opportunities:30 - Searching SAM.gov for keyword: network administration
2025-09-08 13:39:51 | WARNING  | scrapers.base_scraper:_make_request:68 - Request failed (attempt 1/3): 403 Client Error: Forbidden for url: https://api.sam.gov/prod/opportunities/v2/search?limit=100&offset=0&postedFrom=09%2F01%2F2025&postedTo=09%2F08%2F2025&ptype=o%2Ck%2Cr&q=network+administration&sort=-modifiedOn
2025-09-08 13:39:55 | WARNING  | scrapers.base_scraper:_make_request:68 - Request failed (attempt 2/3): 403 Client Error: Forbidden for url: https://api.sam.gov/prod/opportunities/v2/search?limit=100&offset=0&postedFrom=09%2F01%2F2025&postedTo=09%2F08%2F2025&ptype=o%2Ck%2Cr&q=network+administration&sort=-modifiedOn
2025-09-08 13:40:08 | INFO     | __main__:__init__:48 - Bid Application System initialized
2025-09-08 13:40:08 | INFO     | __main__:run:83 - Starting bid application process (days_back=7, max_opportunities=50)
2025-09-08 13:40:08 | INFO     | __main__:run:87 - Step 1: Processing company documents...
2025-09-08 13:40:08 | INFO     | processors.document_processor:process_all_documents:67 - Processed document: technical_capabilities.txt
2025-09-08 13:40:08 | INFO     | processors.document_processor:process_all_documents:67 - Processed document: company_profile.txt
2025-09-08 13:40:08 | INFO     | processors.document_processor:process_all_documents:67 - Processed document: 20250902_122256_NSS Incorperation .pdf
2025-09-08 13:40:08 | INFO     | processors.document_processor:process_all_documents:67 - Processed document: KCCA trade license.pdf
2025-09-08 13:40:08 | INFO     | processors.document_processor:process_all_documents:67 - Processed document: 20250903_113819_Keith-docs (3).pdf
2025-09-08 13:40:08 | INFO     | processors.document_processor:process_all_documents:67 - Processed document: Keith-docs (3).pdf
2025-09-08 13:40:08 | INFO     | processors.document_processor:process_all_documents:67 - Processed document: 20250902_161718_TWESIGYE KEITH CV.docx
2025-09-08 13:40:08 | INFO     | processors.document_processor:process_all_documents:71 - Processed 7 documents
2025-09-08 13:40:08 | INFO     | ai.opportunity_matcher:set_company_profile:57 - Company profile set for opportunity matching
2025-09-08 13:40:08 | INFO     | __main__:run:98 - Processed 7 documents
2025-09-08 13:40:08 | INFO     | __main__:run:99 - Company: 
2025-09-08 13:40:08 | INFO     | __main__:run:100 - Technical keywords: 26
2025-09-08 13:40:08 | INFO     | __main__:run:103 - Step 2: Searching for opportunities...
2025-09-08 13:40:08 | INFO     | scrapers.sample_scraper:search_opportunities:18 - Generating sample opportunities for demonstration
2025-09-08 13:40:08 | INFO     | scrapers.sample_scraper:search_opportunities:143 - Generated 8 sample opportunities
2025-09-08 13:40:08 | INFO     | __main__:run:113 - Sample Opportunities: Found 8 opportunities
2025-09-08 13:40:08 | INFO     | scrapers.sam_gov_scraper:search_opportunities:30 - Searching SAM.gov for keyword: information technology
2025-09-08 13:40:11 | WARNING  | scrapers.base_scraper:_make_request:68 - Request failed (attempt 1/3): 403 Client Error: Forbidden for url: https://api.sam.gov/prod/opportunities/v2/search?limit=100&offset=0&postedFrom=09%2F01%2F2025&postedTo=09%2F08%2F2025&ptype=o%2Ck%2Cr&q=information+technology&sort=-modifiedOn
2025-09-08 13:40:20 | WARNING  | scrapers.base_scraper:_make_request:68 - Request failed (attempt 2/3): 403 Client Error: Forbidden for url: https://api.sam.gov/prod/opportunities/v2/search?limit=100&offset=0&postedFrom=09%2F01%2F2025&postedTo=09%2F08%2F2025&ptype=o%2Ck%2Cr&q=information+technology&sort=-modifiedOn
2025-09-08 13:40:25 | WARNING  | scrapers.base_scraper:_make_request:68 - Request failed (attempt 3/3): 403 Client Error: Forbidden for url: https://api.sam.gov/prod/opportunities/v2/search?limit=100&offset=0&postedFrom=09%2F01%2F2025&postedTo=09%2F08%2F2025&ptype=o%2Ck%2Cr&q=information+technology&sort=-modifiedOn
2025-09-08 13:40:25 | ERROR    | scrapers.base_scraper:_make_request:70 - Failed to fetch https://api.sam.gov/prod/opportunities/v2/search after 3 attempts
2025-09-08 13:40:25 | INFO     | scrapers.sam_gov_scraper:search_opportunities:30 - Searching SAM.gov for keyword: IT services
2025-09-08 13:40:27 | WARNING  | scrapers.base_scraper:_make_request:68 - Request failed (attempt 1/3): 403 Client Error: Forbidden for url: https://api.sam.gov/prod/opportunities/v2/search?limit=100&offset=0&postedFrom=09%2F01%2F2025&postedTo=09%2F08%2F2025&ptype=o%2Ck%2Cr&q=IT+services&sort=-modifiedOn
2025-09-08 13:40:30 | WARNING  | scrapers.base_scraper:_make_request:68 - Request failed (attempt 2/3): 403 Client Error: Forbidden for url: https://api.sam.gov/prod/opportunities/v2/search?limit=100&offset=0&postedFrom=09%2F01%2F2025&postedTo=09%2F08%2F2025&ptype=o%2Ck%2Cr&q=IT+services&sort=-modifiedOn
2025-09-08 13:40:33 | WARNING  | scrapers.base_scraper:_make_request:68 - Request failed (attempt 3/3): 403 Client Error: Forbidden for url: https://api.sam.gov/prod/opportunities/v2/search?limit=100&offset=0&postedFrom=09%2F01%2F2025&postedTo=09%2F08%2F2025&ptype=o%2Ck%2Cr&q=IT+services&sort=-modifiedOn
2025-09-08 13:40:33 | ERROR    | scrapers.base_scraper:_make_request:70 - Failed to fetch https://api.sam.gov/prod/opportunities/v2/search after 3 attempts
2025-09-08 13:40:33 | INFO     | scrapers.sam_gov_scraper:search_opportunities:30 - Searching SAM.gov for keyword: software development
2025-09-08 13:40:35 | WARNING  | scrapers.base_scraper:_make_request:68 - Request failed (attempt 1/3): 403 Client Error: Forbidden for url: https://api.sam.gov/prod/opportunities/v2/search?limit=100&offset=0&postedFrom=09%2F01%2F2025&postedTo=09%2F08%2F2025&ptype=o%2Ck%2Cr&q=software+development&sort=-modifiedOn
2025-09-08 13:40:37 | WARNING  | scrapers.base_scraper:_make_request:68 - Request failed (attempt 2/3): 403 Client Error: Forbidden for url: https://api.sam.gov/prod/opportunities/v2/search?limit=100&offset=0&postedFrom=09%2F01%2F2025&postedTo=09%2F08%2F2025&ptype=o%2Ck%2Cr&q=software+development&sort=-modifiedOn
2025-09-08 13:40:42 | WARNING  | scrapers.base_scraper:_make_request:68 - Request failed (attempt 3/3): 403 Client Error: Forbidden for url: https://api.sam.gov/prod/opportunities/v2/search?limit=100&offset=0&postedFrom=09%2F01%2F2025&postedTo=09%2F08%2F2025&ptype=o%2Ck%2Cr&q=software+development&sort=-modifiedOn
2025-09-08 13:40:42 | ERROR    | scrapers.base_scraper:_make_request:70 - Failed to fetch https://api.sam.gov/prod/opportunities/v2/search after 3 attempts
2025-09-08 13:40:42 | INFO     | scrapers.sam_gov_scraper:search_opportunities:30 - Searching SAM.gov for keyword: system administration
2025-09-08 13:40:44 | WARNING  | scrapers.base_scraper:_make_request:68 - Request failed (attempt 1/3): 403 Client Error: Forbidden for url: https://api.sam.gov/prod/opportunities/v2/search?limit=100&offset=0&postedFrom=09%2F01%2F2025&postedTo=09%2F08%2F2025&ptype=o%2Ck%2Cr&q=system+administration&sort=-modifiedOn
2025-09-08 13:40:48 | WARNING  | scrapers.base_scraper:_make_request:68 - Request failed (attempt 2/3): 403 Client Error: Forbidden for url: https://api.sam.gov/prod/opportunities/v2/search?limit=100&offset=0&postedFrom=09%2F01%2F2025&postedTo=09%2F08%2F2025&ptype=o%2Ck%2Cr&q=system+administration&sort=-modifiedOn
2025-09-08 13:40:52 | WARNING  | scrapers.base_scraper:_make_request:68 - Request failed (attempt 3/3): 403 Client Error: Forbidden for url: https://api.sam.gov/prod/opportunities/v2/search?limit=100&offset=0&postedFrom=09%2F01%2F2025&postedTo=09%2F08%2F2025&ptype=o%2Ck%2Cr&q=system+administration&sort=-modifiedOn
2025-09-08 13:40:52 | ERROR    | scrapers.base_scraper:_make_request:70 - Failed to fetch https://api.sam.gov/prod/opportunities/v2/search after 3 attempts
2025-09-08 13:40:52 | INFO     | scrapers.sam_gov_scraper:search_opportunities:30 - Searching SAM.gov for keyword: network administration
